Started GET "/" for ::1 at 2019-07-30 08:37:58 -0700
  [1m[35m (1.3ms)[0m  [1m[34mSELECT "schema_migrations"."version" FROM "schema_migrations" ORDER BY "schema_migrations"."version" ASC[0m
  ↳ /Users/kilwoungchoi/.rbenv/versions/2.5.1/lib/ruby/gems/2.5.0/gems/activerecord-5.2.3/lib/active_record/log_subscriber.rb:98
Processing by StaticPagesController#root as HTML
  Rendering static_pages/root.html.erb within layouts/application
  Rendered static_pages/root.html.erb within layouts/application (1.0ms)
Completed 200 OK in 433ms (Views: 416.1ms | ActiveRecord: 0.0ms)


  [1m[36mUser Load (1.8ms)[0m  [1m[34mSELECT "users".* FROM "users"[0m
Started GET "/" for ::1 at 2019-07-30 22:44:59 -0700
  [1m[35m (0.9ms)[0m  [1m[34mSELECT "schema_migrations"."version" FROM "schema_migrations" ORDER BY "schema_migrations"."version" ASC[0m
  ↳ /Users/kilwoungchoi/.rbenv/versions/2.5.1/lib/ruby/gems/2.5.0/gems/activerecord-5.2.3/lib/active_record/log_subscriber.rb:98
Processing by StaticPagesController#root as HTML
  Rendering static_pages/root.html.erb within layouts/application
  Rendered static_pages/root.html.erb within layouts/application (1.5ms)
Completed 200 OK in 994ms (Views: 984.1ms | ActiveRecord: 0.0ms)


Started GET "/" for ::1 at 2019-07-30 22:45:40 -0700
Processing by StaticPagesController#root as HTML
  Rendering static_pages/root.html.erb within layouts/application
  Rendered static_pages/root.html.erb within layouts/application (0.4ms)
Completed 200 OK in 231ms (Views: 229.8ms | ActiveRecord: 0.0ms)


Started GET "/" for ::1 at 2019-07-30 22:46:31 -0700
Processing by StaticPagesController#root as HTML
  Rendering static_pages/root.html.erb within layouts/application
  Rendered static_pages/root.html.erb within layouts/application (0.5ms)
Completed 200 OK in 260ms (Views: 258.4ms | ActiveRecord: 0.0ms)


Started GET "/" for ::1 at 2019-07-30 22:49:04 -0700
Processing by StaticPagesController#root as HTML
  Rendering static_pages/root.html.erb within layouts/application
  Rendered static_pages/root.html.erb within layouts/application (0.3ms)
Completed 200 OK in 234ms (Views: 232.1ms | ActiveRecord: 0.0ms)


Started GET "/" for ::1 at 2019-07-30 22:49:18 -0700
Processing by StaticPagesController#root as HTML
  Rendering static_pages/root.html.erb within layouts/application
  Rendered static_pages/root.html.erb within layouts/application (0.4ms)
Completed 200 OK in 247ms (Views: 246.1ms | ActiveRecord: 0.0ms)


Started GET "/" for ::1 at 2019-07-30 22:53:21 -0700
Processing by StaticPagesController#root as HTML
  Rendering static_pages/root.html.erb within layouts/application
  Rendered static_pages/root.html.erb within layouts/application (0.3ms)
Completed 200 OK in 265ms (Views: 263.8ms | ActiveRecord: 0.0ms)


Started GET "/" for ::1 at 2019-07-30 22:53:33 -0700
Processing by StaticPagesController#root as HTML
  Rendering static_pages/root.html.erb within layouts/application
  Rendered static_pages/root.html.erb within layouts/application (0.3ms)
Completed 200 OK in 266ms (Views: 264.8ms | ActiveRecord: 0.0ms)


Started GET "/" for ::1 at 2019-07-30 22:55:06 -0700
Processing by StaticPagesController#root as HTML
  Rendering static_pages/root.html.erb within layouts/application
  Rendered static_pages/root.html.erb within layouts/application (0.3ms)
Completed 200 OK in 255ms (Views: 253.3ms | ActiveRecord: 0.0ms)


Started GET "/" for ::1 at 2019-07-30 22:56:58 -0700
Processing by StaticPagesController#root as HTML
  Rendering static_pages/root.html.erb within layouts/application
  Rendered static_pages/root.html.erb within layouts/application (0.4ms)
Completed 200 OK in 270ms (Views: 268.9ms | ActiveRecord: 0.0ms)


Started GET "/" for ::1 at 2019-07-30 22:59:20 -0700
Processing by StaticPagesController#root as HTML
  Rendering static_pages/root.html.erb within layouts/application
  Rendered static_pages/root.html.erb within layouts/application (0.3ms)
Completed 200 OK in 265ms (Views: 263.9ms | ActiveRecord: 0.0ms)


Started GET "/" for ::1 at 2019-07-30 22:59:36 -0700
Processing by StaticPagesController#root as HTML
  Rendering static_pages/root.html.erb within layouts/application
  Rendered static_pages/root.html.erb within layouts/application (0.3ms)
Completed 200 OK in 247ms (Views: 245.7ms | ActiveRecord: 0.0ms)


Started GET "/" for ::1 at 2019-07-30 23:02:02 -0700
Processing by StaticPagesController#root as HTML
  Rendering static_pages/root.html.erb within layouts/application
  Rendered static_pages/root.html.erb within layouts/application (0.3ms)
Completed 200 OK in 233ms (Views: 231.9ms | ActiveRecord: 0.0ms)


Started GET "/" for ::1 at 2019-07-30 23:03:37 -0700
Processing by StaticPagesController#root as HTML
  Rendering static_pages/root.html.erb within layouts/application
  Rendered static_pages/root.html.erb within layouts/application (0.3ms)
Completed 200 OK in 241ms (Views: 239.9ms | ActiveRecord: 0.0ms)


Started GET "/" for ::1 at 2019-07-30 23:05:12 -0700
Processing by StaticPagesController#root as HTML
  Rendering static_pages/root.html.erb within layouts/application
  Rendered static_pages/root.html.erb within layouts/application (0.3ms)
Completed 200 OK in 234ms (Views: 232.4ms | ActiveRecord: 0.0ms)


Started GET "/" for ::1 at 2019-07-30 23:08:27 -0700
Processing by StaticPagesController#root as HTML
  Rendering static_pages/root.html.erb within layouts/application
  Rendered static_pages/root.html.erb within layouts/application (0.5ms)
Completed 200 OK in 28ms (Views: 25.5ms | ActiveRecord: 0.0ms)


Started GET "/" for ::1 at 2019-07-30 23:10:00 -0700
Processing by StaticPagesController#root as HTML
  Rendering static_pages/root.html.erb within layouts/application
  Rendered static_pages/root.html.erb within layouts/application (0.4ms)
Completed 200 OK in 234ms (Views: 232.1ms | ActiveRecord: 0.0ms)


Started GET "/" for ::1 at 2019-07-30 23:10:01 -0700
Processing by StaticPagesController#root as HTML
  Rendering static_pages/root.html.erb within layouts/application
  Rendered static_pages/root.html.erb within layouts/application (0.5ms)
Completed 200 OK in 25ms (Views: 23.5ms | ActiveRecord: 0.0ms)


Started GET "/" for ::1 at 2019-07-30 23:10:49 -0700
Processing by StaticPagesController#root as HTML
  Rendering static_pages/root.html.erb within layouts/application
  Rendered static_pages/root.html.erb within layouts/application (0.4ms)
Completed 200 OK in 253ms (Views: 251.3ms | ActiveRecord: 0.0ms)


Started GET "/" for ::1 at 2019-07-30 23:12:11 -0700
Processing by StaticPagesController#root as HTML
  Rendering static_pages/root.html.erb within layouts/application
  Rendered static_pages/root.html.erb within layouts/application (0.3ms)
Completed 200 OK in 22ms (Views: 20.0ms | ActiveRecord: 0.0ms)


Started GET "/" for ::1 at 2019-07-30 23:13:16 -0700
Processing by StaticPagesController#root as HTML
  Rendering static_pages/root.html.erb within layouts/application
  Rendered static_pages/root.html.erb within layouts/application (0.3ms)
Completed 200 OK in 222ms (Views: 220.7ms | ActiveRecord: 0.0ms)


Started GET "/" for ::1 at 2019-07-30 23:13:22 -0700
Processing by StaticPagesController#root as HTML
  Rendering static_pages/root.html.erb within layouts/application
  Rendered static_pages/root.html.erb within layouts/application (0.3ms)
Completed 200 OK in 17ms (Views: 15.3ms | ActiveRecord: 0.0ms)


Started GET "/" for ::1 at 2019-07-30 23:13:55 -0700
Processing by StaticPagesController#root as HTML
  Rendering static_pages/root.html.erb within layouts/application
  Rendered static_pages/root.html.erb within layouts/application (0.3ms)
Completed 200 OK in 242ms (Views: 240.2ms | ActiveRecord: 0.0ms)


Started GET "/" for ::1 at 2019-07-30 23:13:58 -0700
Processing by StaticPagesController#root as HTML
  Rendering static_pages/root.html.erb within layouts/application
  Rendered static_pages/root.html.erb within layouts/application (0.3ms)
Completed 200 OK in 17ms (Views: 15.1ms | ActiveRecord: 0.0ms)


Started GET "/" for ::1 at 2019-07-30 23:14:37 -0700
Processing by StaticPagesController#root as HTML
  Rendering static_pages/root.html.erb within layouts/application
  Rendered static_pages/root.html.erb within layouts/application (0.4ms)
Completed 200 OK in 21ms (Views: 19.3ms | ActiveRecord: 0.0ms)


Started GET "/" for ::1 at 2019-07-30 23:14:40 -0700
Processing by StaticPagesController#root as HTML
  Rendering static_pages/root.html.erb within layouts/application
  Rendered static_pages/root.html.erb within layouts/application (0.3ms)
Completed 200 OK in 16ms (Views: 14.2ms | ActiveRecord: 0.0ms)


Started GET "/" for ::1 at 2019-07-30 23:16:09 -0700
Processing by StaticPagesController#root as HTML
  Rendering static_pages/root.html.erb within layouts/application
  Rendered static_pages/root.html.erb within layouts/application (0.3ms)
Completed 200 OK in 235ms (Views: 234.0ms | ActiveRecord: 0.0ms)


Started GET "/" for ::1 at 2019-07-30 23:17:35 -0700
Processing by StaticPagesController#root as HTML
  Rendering static_pages/root.html.erb within layouts/application
  Rendered static_pages/root.html.erb within layouts/application (0.3ms)
Completed 200 OK in 258ms (Views: 256.7ms | ActiveRecord: 0.0ms)


Started GET "/" for ::1 at 2019-07-30 23:18:06 -0700
Processing by StaticPagesController#root as HTML
  Rendering static_pages/root.html.erb within layouts/application
  Rendered static_pages/root.html.erb within layouts/application (0.3ms)
Completed 200 OK in 234ms (Views: 232.3ms | ActiveRecord: 0.0ms)


Started GET "/" for ::1 at 2019-07-30 23:18:19 -0700
Processing by StaticPagesController#root as HTML
  Rendering static_pages/root.html.erb within layouts/application
  Rendered static_pages/root.html.erb within layouts/application (0.4ms)
Completed 200 OK in 15ms (Views: 13.8ms | ActiveRecord: 0.0ms)


Started GET "//" for ::1 at 2019-07-30 23:18:47 -0700
Processing by StaticPagesController#root as HTML
  Rendering static_pages/root.html.erb within layouts/application
  Rendered static_pages/root.html.erb within layouts/application (0.3ms)
Completed 200 OK in 252ms (Views: 250.7ms | ActiveRecord: 0.0ms)


Started GET "//" for ::1 at 2019-07-30 23:19:07 -0700
Processing by StaticPagesController#root as HTML
  Rendering static_pages/root.html.erb within layouts/application
  Rendered static_pages/root.html.erb within layouts/application (0.3ms)
Completed 200 OK in 17ms (Views: 15.8ms | ActiveRecord: 0.0ms)


Started GET "//" for ::1 at 2019-07-30 23:19:36 -0700
Processing by StaticPagesController#root as HTML
  Rendering static_pages/root.html.erb within layouts/application
  Rendered static_pages/root.html.erb within layouts/application (0.3ms)
Completed 200 OK in 232ms (Views: 230.7ms | ActiveRecord: 0.0ms)


Started GET "//" for ::1 at 2019-07-30 23:24:20 -0700
Processing by StaticPagesController#root as HTML
  Rendering static_pages/root.html.erb within layouts/application
  Rendered static_pages/root.html.erb within layouts/application (0.3ms)
Completed 200 OK in 14ms (Views: 12.9ms | ActiveRecord: 0.0ms)


Started GET "//" for ::1 at 2019-07-30 23:24:30 -0700
Processing by StaticPagesController#root as HTML
  Rendering static_pages/root.html.erb within layouts/application
  Rendered static_pages/root.html.erb within layouts/application (0.4ms)
Completed 200 OK in 244ms (Views: 242.6ms | ActiveRecord: 0.0ms)


Started GET "//" for ::1 at 2019-07-30 23:26:30 -0700
Processing by StaticPagesController#root as HTML
  Rendering static_pages/root.html.erb within layouts/application
  Rendered static_pages/root.html.erb within layouts/application (0.4ms)
Completed 200 OK in 249ms (Views: 247.1ms | ActiveRecord: 0.0ms)


Started GET "//" for ::1 at 2019-07-30 23:27:11 -0700
Processing by StaticPagesController#root as HTML
  Rendering static_pages/root.html.erb within layouts/application
  Rendered static_pages/root.html.erb within layouts/application (0.3ms)
Completed 200 OK in 227ms (Views: 225.3ms | ActiveRecord: 0.0ms)


Started GET "//" for ::1 at 2019-07-30 23:28:03 -0700
Processing by StaticPagesController#root as HTML
  Rendering static_pages/root.html.erb within layouts/application
  Rendered static_pages/root.html.erb within layouts/application (0.3ms)
Completed 200 OK in 256ms (Views: 254.1ms | ActiveRecord: 0.0ms)


Started GET "//" for ::1 at 2019-07-30 23:28:11 -0700
Processing by StaticPagesController#root as HTML
  Rendering static_pages/root.html.erb within layouts/application
  Rendered static_pages/root.html.erb within layouts/application (0.4ms)
Completed 200 OK in 20ms (Views: 19.2ms | ActiveRecord: 0.0ms)


Started GET "//" for ::1 at 2019-07-30 23:28:12 -0700
Processing by StaticPagesController#root as HTML
  Rendering static_pages/root.html.erb within layouts/application
  Rendered static_pages/root.html.erb within layouts/application (0.3ms)
Completed 200 OK in 17ms (Views: 15.9ms | ActiveRecord: 0.0ms)


Started GET "//" for ::1 at 2019-07-30 23:28:13 -0700
Processing by StaticPagesController#root as HTML
  Rendering static_pages/root.html.erb within layouts/application
  Rendered static_pages/root.html.erb within layouts/application (0.3ms)
Completed 200 OK in 17ms (Views: 15.7ms | ActiveRecord: 0.0ms)


Started GET "//" for ::1 at 2019-07-30 23:28:23 -0700
Processing by StaticPagesController#root as HTML
  Rendering static_pages/root.html.erb within layouts/application
  Rendered static_pages/root.html.erb within layouts/application (0.3ms)
Completed 200 OK in 293ms (Views: 291.0ms | ActiveRecord: 0.0ms)


Started GET "//" for ::1 at 2019-07-30 23:31:54 -0700
Processing by StaticPagesController#root as HTML
  Rendering static_pages/root.html.erb within layouts/application
  Rendered static_pages/root.html.erb within layouts/application (0.5ms)
Completed 200 OK in 26ms (Views: 24.5ms | ActiveRecord: 0.0ms)


Started GET "//" for ::1 at 2019-07-30 23:31:55 -0700
Processing by StaticPagesController#root as HTML
  Rendering static_pages/root.html.erb within layouts/application
  Rendered static_pages/root.html.erb within layouts/application (0.4ms)
Completed 200 OK in 17ms (Views: 15.5ms | ActiveRecord: 0.0ms)


Started GET "//" for ::1 at 2019-07-30 23:32:48 -0700
Processing by StaticPagesController#root as HTML
  Rendering static_pages/root.html.erb within layouts/application
  Rendered static_pages/root.html.erb within layouts/application (0.3ms)
Completed 200 OK in 267ms (Views: 265.5ms | ActiveRecord: 0.0ms)


Started GET "/" for ::1 at 2019-07-31 08:22:59 -0700
  [1m[35m (0.8ms)[0m  [1m[34mSELECT "schema_migrations"."version" FROM "schema_migrations" ORDER BY "schema_migrations"."version" ASC[0m
  ↳ /Users/kilwoungchoi/.rbenv/versions/2.5.1/lib/ruby/gems/2.5.0/gems/activerecord-5.2.3/lib/active_record/log_subscriber.rb:98
Processing by StaticPagesController#root as HTML
  Rendering static_pages/root.html.erb within layouts/application
  Rendered static_pages/root.html.erb within layouts/application (1.3ms)
Completed 200 OK in 973ms (Views: 965.0ms | ActiveRecord: 0.0ms)


Started GET "/" for ::1 at 2019-07-31 08:29:25 -0700
Processing by StaticPagesController#root as HTML
  Rendering static_pages/root.html.erb within layouts/application
  Rendered static_pages/root.html.erb within layouts/application (0.3ms)
Completed 200 OK in 19ms (Views: 17.7ms | ActiveRecord: 0.0ms)


Started GET "/" for ::1 at 2019-07-31 08:31:48 -0700
  [1m[35m (0.8ms)[0m  [1m[34mSELECT "schema_migrations"."version" FROM "schema_migrations" ORDER BY "schema_migrations"."version" ASC[0m
  ↳ /Users/kilwoungchoi/.rbenv/versions/2.5.1/lib/ruby/gems/2.5.0/gems/activerecord-5.2.3/lib/active_record/log_subscriber.rb:98
Processing by StaticPagesController#root as HTML
  Rendering static_pages/root.html.erb within layouts/application
  Rendered static_pages/root.html.erb within layouts/application (0.8ms)
Completed 200 OK in 1075ms (Views: 1064.7ms | ActiveRecord: 0.0ms)


Started GET "/" for ::1 at 2019-07-31 08:33:55 -0700
  [1m[35m (1.0ms)[0m  [1m[34mSELECT "schema_migrations"."version" FROM "schema_migrations" ORDER BY "schema_migrations"."version" ASC[0m
  ↳ /Users/kilwoungchoi/.rbenv/versions/2.5.1/lib/ruby/gems/2.5.0/gems/activerecord-5.2.3/lib/active_record/log_subscriber.rb:98
Processing by StaticPagesController#root as HTML
  Rendering static_pages/root.html.erb within layouts/application
  Rendered static_pages/root.html.erb within layouts/application (1.1ms)
Completed 200 OK in 686ms (Views: 676.9ms | ActiveRecord: 0.0ms)


Started GET "/" for ::1 at 2019-07-31 08:41:15 -0700
Processing by StaticPagesController#root as HTML
  Rendering static_pages/root.html.erb within layouts/application
  Rendered static_pages/root.html.erb within layouts/application (0.9ms)
Completed 200 OK in 24ms (Views: 21.6ms | ActiveRecord: 0.0ms)


Started GET "/" for ::1 at 2019-07-31 08:44:12 -0700
Processing by StaticPagesController#root as HTML
  Rendering static_pages/root.html.erb within layouts/application
  Rendered static_pages/root.html.erb within layouts/application (0.4ms)
Completed 200 OK in 304ms (Views: 301.3ms | ActiveRecord: 0.0ms)


Started GET "/" for ::1 at 2019-07-31 08:49:27 -0700
Processing by StaticPagesController#root as HTML
  Rendering static_pages/root.html.erb within layouts/application
  Rendered static_pages/root.html.erb within layouts/application (0.4ms)
Completed 200 OK in 292ms (Views: 290.2ms | ActiveRecord: 0.0ms)


Started GET "/" for ::1 at 2019-07-31 08:56:06 -0700
Processing by StaticPagesController#root as HTML
  Rendering static_pages/root.html.erb within layouts/application
  Rendered static_pages/root.html.erb within layouts/application (0.5ms)
Completed 200 OK in 17ms (Views: 15.6ms | ActiveRecord: 0.0ms)


Started GET "/" for ::1 at 2019-07-31 08:57:19 -0700
Processing by StaticPagesController#root as HTML
  Rendering static_pages/root.html.erb within layouts/application
  Rendered static_pages/root.html.erb within layouts/application (0.4ms)
Completed 200 OK in 253ms (Views: 251.4ms | ActiveRecord: 0.0ms)


Started POST "/api/users" for ::1 at 2019-07-31 08:57:23 -0700
Processing by Api::UsersController#create as */*
  Parameters: {"user"=>{"username"=>"sdfsdf", "password"=>"[FILTERED]"}, "froamt"=>:json}
Completed 500 Internal Server Error in 233ms (ActiveRecord: 10.2ms)



NoMethodError - undefined method `ssesion_token' for #<User:0x00007fe17e9d1b08>
Did you mean?  session_token
               session_token=
               session_token?:
  app/models/user.rb:33:in `ensure_session_token'
  app/controllers/api/users_controller.rb:8:in `create'

Started GET "/" for ::1 at 2019-07-31 09:02:31 -0700
Processing by StaticPagesController#root as HTML
  Rendering static_pages/root.html.erb within layouts/application
  Rendered static_pages/root.html.erb within layouts/application (0.3ms)
Completed 200 OK in 20ms (Views: 18.0ms | ActiveRecord: 0.0ms)


Started POST "/api/users" for ::1 at 2019-07-31 09:02:35 -0700
Processing by Api::UsersController#create as */*
  Parameters: {"user"=>{"username"=>"asdfasdfasdf", "password"=>"[FILTERED]"}, "froamt"=>:json}
  [1m[35m (0.2ms)[0m  [1m[35mBEGIN[0m
  ↳ app/controllers/api/users_controller.rb:9
  [1m[35m (0.2ms)[0m  [1m[31mROLLBACK[0m
  ↳ app/controllers/api/users_controller.rb:9
Completed 200 OK in 232ms (Views: 0.1ms | ActiveRecord: 9.8ms)


Started GET "/" for ::1 at 2019-07-31 09:04:36 -0700
Processing by StaticPagesController#root as HTML
  Rendering static_pages/root.html.erb within layouts/application
  Rendered static_pages/root.html.erb within layouts/application (0.4ms)
Completed 200 OK in 18ms (Views: 16.1ms | ActiveRecord: 0.0ms)


Started POST "/api/users" for ::1 at 2019-07-31 09:04:44 -0700
Processing by Api::UsersController#create as */*
  Parameters: {"user"=>{"username"=>"paulpaul@gmail.com", "password"=>"[FILTERED]"}, "froamt"=>:json}
  [1m[35m (0.1ms)[0m  [1m[35mBEGIN[0m
  ↳ app/controllers/api/users_controller.rb:9
  [1m[35m (0.1ms)[0m  [1m[31mROLLBACK[0m
  ↳ app/controllers/api/users_controller.rb:9
Completed 422 Unprocessable Entity in 224ms (Views: 0.2ms | ActiveRecord: 6.3ms)


  [1m[35m (0.2ms)[0m  [1m[34mSELECT pg_try_advisory_lock(835949762669211330)[0m
  ↳ bin/rails:9
  [1m[35m (1.4ms)[0m  [1m[34mSELECT "schema_migrations"."version" FROM "schema_migrations" ORDER BY "schema_migrations"."version" ASC[0m
  ↳ bin/rails:9
Migrating to AlterUsersTable (20190731160632)
  [1m[35m (0.1ms)[0m  [1m[35mBEGIN[0m
  ↳ bin/rails:9
  [1m[35m (9.6ms)[0m  [1m[35mALTER TABLE "users" DROP COLUMN "username"[0m
  ↳ db/migrate/20190731160632_alter_users_table.rb:3
  [1m[36mActiveRecord::SchemaMigration Create (0.8ms)[0m  [1m[32mINSERT INTO "schema_migrations" ("version") VALUES ($1) RETURNING "version"[0m  [["version", "20190731160632"]]
  ↳ bin/rails:9
  [1m[35m (0.4ms)[0m  [1m[35mCOMMIT[0m
  ↳ bin/rails:9
  [1m[36mActiveRecord::InternalMetadata Load (3.8ms)[0m  [1m[34mSELECT  "ar_internal_metadata".* FROM "ar_internal_metadata" WHERE "ar_internal_metadata"."key" = $1 LIMIT $2[0m  [["key", "environment"], ["LIMIT", 1]]
  ↳ bin/rails:9
  [1m[35m (0.1ms)[0m  [1m[35mBEGIN[0m
  ↳ bin/rails:9
  [1m[35m (0.1ms)[0m  [1m[35mCOMMIT[0m
  ↳ bin/rails:9
  [1m[35m (0.2ms)[0m  [1m[34mSELECT pg_advisory_unlock(835949762669211330)[0m
  ↳ bin/rails:9
  [1m[35m (0.2ms)[0m  [1m[34mSELECT "schema_migrations"."version" FROM "schema_migrations" ORDER BY "schema_migrations"."version" ASC[0m
  ↳ bin/rails:9
